<?xml version="1.0" encoding="UTF-8"?>
<testsuite xmlns:xsi="http://www.w3.org/2001/XMLSchema-instance" xsi:noNamespaceSchemaLocation="https://maven.apache.org/surefire/maven-surefire-plugin/xsd/surefire-test-report.xsd" name="com.jtspringproject.JtSpringProject.JtSpringProjectApplicationTests" time="0.194" tests="1" errors="1" skipped="0" failures="0">
  <properties>
[...]
</properties>
  <testcase name="com.jtspringproject.JtSpringProject.JtSpringProjectApplicationTests" classname="com.jtspringproject.JtSpringProject.JtSpringProjectApplicationTests" time="0.193">
    <error message="Failed to read candidate component class: file [C:\Users\kisho\Desktop\E-commerce-project-springBoot\JtProject\target\test-classes\com\jtspringproject\JtSpringProject\JtSpringProjectApplicationTests.class]; nested exception is org.springframework.core.NestedIOException: ASM ClassReader failed to parse class file - probably due to a new Java class file version that isn&apos;t supported yet: file [C:\Users\kisho\Desktop\E-commerce-project-springBoot\JtProject\target\test-classes\com\jtspringproject\JtSpringProject\JtSpringProjectApplicationTests.class]; nested exception is java.lang.IllegalArgumentException: Unsupported class file major version 65" type="org.springframework.beans.factory.BeanDefinitionStoreException">org.springframework.beans.factory.BeanDefinitionStoreException: Failed to read candidate component class: file [C:\Users\kisho\Desktop\E-commerce-project-springBoot\JtProject\target\test-classes\com\jtspringproject\JtSpringProject\JtSpringProjectApplicationTests.class]; nested exception is org.springframework.core.NestedIOException: ASM ClassReader failed to parse class file - probably due to a new Java class file version that isn't supported yet: file [C:\Users\kisho\Desktop\E-commerce-project-springBoot\JtProject\target\test-classes\com\jtspringproject\JtSpringProject\JtSpringProjectApplicationTests.class]; nested exception is java.lang.IllegalArgumentException: Unsupported class file major version 65
Caused by: org.springframework.core.NestedIOException: ASM ClassReader failed to parse class file - probably due to a new Java class file version that isn't supported yet: file [C:\Users\kisho\Desktop\E-commerce-project-springBoot\JtProject\target\test-classes\com\jtspringproject\JtSpringProject\JtSpringProjectApplicationTests.class]; nested exception is java.lang.IllegalArgumentException: Unsupported class file major version 65
Caused by: java.lang.IllegalArgumentException: Unsupported class file major version 65
</error>
    <system-out><![CDATA[23:33:12.036 [main] DEBUG org.springframework.test.context.BootstrapUtils - Instantiating CacheAwareContextLoaderDelegate from class [org.springframework.test.context.cache.DefaultCacheAwareContextLoaderDelegate]
23:33:12.046 [main] DEBUG org.springframework.test.context.BootstrapUtils - Instantiating BootstrapContext using constructor [public org.springframework.test.context.support.DefaultBootstrapContext(java.lang.Class,org.springframework.test.context.CacheAwareContextLoaderDelegate)]
23:33:12.083 [main] DEBUG org.springframework.test.context.BootstrapUtils - Instantiating TestContextBootstrapper for test class [com.jtspringproject.JtSpringProject.JtSpringProjectApplicationTests] from class [org.springframework.boot.test.context.SpringBootTestContextBootstrapper]
23:33:12.092 [main] INFO org.springframework.boot.test.context.SpringBootTestContextBootstrapper - Neither @ContextConfiguration nor @ContextHierarchy found for test class [com.jtspringproject.JtSpringProject.JtSpringProjectApplicationTests], using SpringBootContextLoader
23:33:12.095 [main] DEBUG org.springframework.test.context.support.AbstractContextLoader - Did not detect default resource location for test class [com.jtspringproject.JtSpringProject.JtSpringProjectApplicationTests]: class path resource [com/jtspringproject/JtSpringProject/JtSpringProjectApplicationTests-context.xml] does not exist
23:33:12.095 [main] DEBUG org.springframework.test.context.support.AbstractContextLoader - Did not detect default resource location for test class [com.jtspringproject.JtSpringProject.JtSpringProjectApplicationTests]: class path resource [com/jtspringproject/JtSpringProject/JtSpringProjectApplicationTestsContext.groovy] does not exist
23:33:12.096 [main] INFO org.springframework.test.context.support.AbstractContextLoader - Could not detect default resource locations for test class [com.jtspringproject.JtSpringProject.JtSpringProjectApplicationTests]: no resource found for suffixes {-context.xml, Context.groovy}.
23:33:12.096 [main] INFO org.springframework.test.context.support.AnnotationConfigContextLoaderUtils - Could not detect default configuration classes for test class [com.jtspringproject.JtSpringProject.JtSpringProjectApplicationTests]: JtSpringProjectApplicationTests does not declare any static, non-private, non-final, nested classes annotated with @Configuration.
23:33:12.144 [main] DEBUG org.springframework.test.context.support.ActiveProfilesUtils - Could not find an 'annotation declaring class' for annotation type [org.springframework.test.context.ActiveProfiles] and class [com.jtspringproject.JtSpringProject.JtSpringProjectApplicationTests]
]]></system-out>
  </testcase>
</testsuite>